[0m12:26:22.006776 [debug] [MainThread]: Sending event: {'category': 'dbt', 'action': 'invocation', 'label': 'start', 'context': [<snowplow_tracker.self_describing_json.SelfDescribingJson object at 0x0000017FE918DF30>, <snowplow_tracker.self_describing_json.SelfDescribingJson object at 0x0000017FEA297BE0>, <snowplow_tracker.self_describing_json.SelfDescribingJson object at 0x0000017FEA297E50>]}


============================== 12:26:22.020160 | 3303e83a-19e1-4848-a7e2-a12860f0c4d6 ==============================
[0m12:26:22.020160 [info ] [MainThread]: Running with dbt=1.11.2
[0m12:26:22.023280 [debug] [MainThread]: running dbt with arguments {'static_parser': 'True', 'no_print': 'None', 'version_check': 'True', 'target_path': 'None', 'warn_error_options': 'WarnErrorOptionsV2(error=[], warn=[], silence=[])', 'printer_width': '80', 'write_json': 'True', 'empty': 'None', 'log_cache_events': 'False', 'introspect': 'True', 'cache_selected_only': 'False', 'log_format': 'default', 'debug': 'False', 'fail_fast': 'False', 'profiles_dir': 'C:\\Users\\SunilNarendraGoudar\\.dbt', 'send_anonymous_usage_stats': 'True', 'quiet': 'False', 'warn_error': 'None', 'partial_parse': 'True', 'invocation_command': 'dbt init --skip-profile-setup airbnb', 'use_colors': 'True', 'indirect_selection': 'eager', 'use_experimental_parser': 'False', 'log_path': 'logs'}
[0m12:26:22.191431 [info ] [MainThread]: Creating dbt configuration folder at C:\Users\SunilNarendraGoudar\.dbt
[0m12:26:22.202876 [debug] [MainThread]: Starter project path: C:\Learning\dbt\dbt_course\.venv\lib\site-packages\dbt\include\starter_project
[0m12:26:22.305281 [info ] [MainThread]: 
Your new dbt project "airbnb" was created!

For more information on how to configure the profiles.yml file,
please consult the dbt documentation here:

  https://docs.getdbt.com/docs/configure-your-profile

One more thing:

Need help? Don't hesitate to reach out to us via GitHub issues or on Slack:

  https://community.getdbt.com/

Happy modeling!

[0m12:26:22.305281 [debug] [MainThread]: Command `dbt init` succeeded at 12:26:22.305281 after 0.51 seconds
[0m12:26:22.305281 [debug] [MainThread]: Sending event: {'category': 'dbt', 'action': 'invocation', 'label': 'end', 'context': [<snowplow_tracker.self_describing_json.SelfDescribingJson object at 0x0000017FE918DF30>, <snowplow_tracker.self_describing_json.SelfDescribingJson object at 0x0000017FEA248880>, <snowplow_tracker.self_describing_json.SelfDescribingJson object at 0x0000017FEA2487C0>]}
[0m12:26:22.314860 [debug] [MainThread]: Flushing usage events
[0m12:26:23.442945 [debug] [MainThread]: An error was encountered while trying to flush usage events
[0m12:28:24.701701 [debug] [MainThread]: Sending event: {'category': 'dbt', 'action': 'invocation', 'label': 'start', 'context': [<snowplow_tracker.self_describing_json.SelfDescribingJson object at 0x00000243AF281F60>, <snowplow_tracker.self_describing_json.SelfDescribingJson object at 0x00000243B0387BE0>, <snowplow_tracker.self_describing_json.SelfDescribingJson object at 0x00000243B0387E80>]}


============================== 12:28:24.708764 | 31e5c6fb-6f26-478d-946d-3d4001042f3a ==============================
[0m12:28:24.708764 [info ] [MainThread]: Running with dbt=1.11.2
[0m12:28:24.710780 [debug] [MainThread]: running dbt with arguments {'version_check': 'True', 'no_print': 'None', 'static_parser': 'True', 'target_path': 'None', 'warn_error_options': 'WarnErrorOptionsV2(error=[], warn=[], silence=[])', 'printer_width': '80', 'write_json': 'True', 'empty': 'None', 'log_cache_events': 'False', 'introspect': 'True', 'cache_selected_only': 'False', 'log_format': 'default', 'debug': 'False', 'fail_fast': 'False', 'partial_parse': 'True', 'send_anonymous_usage_stats': 'True', 'quiet': 'False', 'warn_error': 'None', 'profiles_dir': 'C:\\Users\\SunilNarendraGoudar\\.dbt', 'indirect_selection': 'eager', 'use_colors': 'True', 'invocation_command': 'dbt debug', 'use_experimental_parser': 'False', 'log_path': 'logs'}
[0m12:28:24.773092 [info ] [MainThread]: dbt version: 1.11.2
[0m12:28:24.776625 [info ] [MainThread]: python version: 3.10.0
[0m12:28:24.777699 [info ] [MainThread]: python path: C:\Learning\dbt\dbt_course\.venv\Scripts\python.exe
[0m12:28:24.777699 [info ] [MainThread]: os info: Windows-10-10.0.26200-SP0
[0m12:28:24.777699 [info ] [MainThread]: Using profiles dir at C:\Users\SunilNarendraGoudar\.dbt
[0m12:28:24.777699 [info ] [MainThread]: Using profiles.yml file at C:\Users\SunilNarendraGoudar\.dbt\profiles.yml
[0m12:28:24.777699 [info ] [MainThread]: Using dbt_project.yml file at C:\Learning\dbt\dbt_course\dbt_project.yml
[0m12:28:24.783376 [info ] [MainThread]: Configuration:
[0m12:28:24.785140 [info ] [MainThread]:   profiles.yml file [[31mERROR not found[0m]
[0m12:28:24.787067 [info ] [MainThread]:   dbt_project.yml file [[31mERROR not found[0m]
[0m12:28:24.790603 [info ] [MainThread]: Required dependencies:
[0m12:28:24.790603 [debug] [MainThread]: Executing "git --help"
[0m12:28:24.913896 [debug] [MainThread]: STDOUT: "b"usage: git [-v | --version] [-h | --help] [-C <path>] [-c <name>=<value>]\n           [--exec-path[=<path>]] [--html-path] [--man-path] [--info-path]\n           [-p | --paginate | -P | --no-pager] [--no-replace-objects] [--no-lazy-fetch]\n           [--no-optional-locks] [--no-advice] [--bare] [--git-dir=<path>]\n           [--work-tree=<path>] [--namespace=<name>] [--config-env=<name>=<envvar>]\n           <command> [<args>]\n\nThese are common Git commands used in various situations:\n\nstart a working area (see also: git help tutorial)\n   clone      Clone a repository into a new directory\n   init       Create an empty Git repository or reinitialize an existing one\n\nwork on the current change (see also: git help everyday)\n   add        Add file contents to the index\n   mv         Move or rename a file, a directory, or a symlink\n   restore    Restore working tree files\n   rm         Remove files from the working tree and from the index\n\nexamine the history and state (see also: git help revisions)\n   bisect     Use binary search to find the commit that introduced a bug\n   diff       Show changes between commits, commit and working tree, etc\n   grep       Print lines matching a pattern\n   log        Show commit logs\n   show       Show various types of objects\n   status     Show the working tree status\n\ngrow, mark and tweak your common history\n   backfill   Download missing objects in a partial clone\n   branch     List, create, or delete branches\n   commit     Record changes to the repository\n   merge      Join two or more development histories together\n   rebase     Reapply commits on top of another base tip\n   reset      Reset current HEAD to the specified state\n   switch     Switch branches\n   tag        Create, list, delete or verify tags\n\ncollaborate (see also: git help workflows)\n   fetch      Download objects and refs from another repository\n   pull       Fetch from and integrate with another repository or a local branch\n   push       Update remote refs along with associated objects\n\n'git help -a' and 'git help -g' list available subcommands and some\nconcept guides. See 'git help <command>' or 'git help <concept>'\nto read about a specific subcommand or concept.\nSee 'git help git' for an overview of the system.\n""
[0m12:28:24.913896 [debug] [MainThread]: STDERR: "b''"
[0m12:28:24.913896 [info ] [MainThread]:  - git [[32mOK found[0m]

[0m12:28:24.917022 [info ] [MainThread]: Connection test skipped since no profile was found
[0m12:28:24.918507 [info ] [MainThread]: [31m2 checks failed:[0m
[0m12:28:24.918507 [info ] [MainThread]: dbt looked for a profiles.yml file in C:\Users\SunilNarendraGoudar\.dbt\profiles.yml, but did
not find one. For more information on configuring your profile, consult the
documentation:

https://docs.getdbt.com/docs/configure-your-profile


[0m12:28:24.918507 [info ] [MainThread]: Project loading failed for the following reason:
 project path <C:\Learning\dbt\dbt_course\dbt_project.yml> not found

[0m12:28:24.918507 [debug] [MainThread]: Command `dbt debug` failed at 12:28:24.918507 after 0.39 seconds
[0m12:28:24.918507 [debug] [MainThread]: Sending event: {'category': 'dbt', 'action': 'invocation', 'label': 'end', 'context': [<snowplow_tracker.self_describing_json.SelfDescribingJson object at 0x00000243AF281F60>, <snowplow_tracker.self_describing_json.SelfDescribingJson object at 0x00000243B03C0430>, <snowplow_tracker.self_describing_json.SelfDescribingJson object at 0x00000243B03C0130>]}
[0m12:28:24.918507 [debug] [MainThread]: Flushing usage events
[0m12:28:27.075284 [debug] [MainThread]: An error was encountered while trying to flush usage events
[0m14:28:25.432083 [debug] [MainThread]: Sending event: {'category': 'dbt', 'action': 'invocation', 'label': 'start', 'context': [<snowplow_tracker.self_describing_json.SelfDescribingJson object at 0x0000026604901FC0>, <snowplow_tracker.self_describing_json.SelfDescribingJson object at 0x00000266069DBBE0>, <snowplow_tracker.self_describing_json.SelfDescribingJson object at 0x00000266069DBE20>]}


============================== 14:28:25.441521 | d3633635-6d62-42c5-bc89-8059c53c3f2d ==============================
[0m14:28:25.441521 [info ] [MainThread]: Running with dbt=1.11.2
[0m14:28:25.443541 [debug] [MainThread]: running dbt with arguments {'static_parser': 'True', 'no_print': 'None', 'version_check': 'True', 'warn_error_options': 'WarnErrorOptionsV2(error=[], warn=[], silence=[])', 'target_path': 'None', 'printer_width': '80', 'write_json': 'True', 'empty': 'False', 'log_cache_events': 'False', 'introspect': 'True', 'cache_selected_only': 'False', 'fail_fast': 'False', 'debug': 'False', 'log_format': 'default', 'profiles_dir': 'C:\\Users\\SunilNarendraGoudar\\.dbt', 'send_anonymous_usage_stats': 'True', 'quiet': 'False', 'warn_error': 'None', 'partial_parse': 'True', 'indirect_selection': 'eager', 'invocation_command': 'dbt run', 'use_colors': 'True', 'use_experimental_parser': 'False', 'log_path': 'logs'}
[0m14:28:25.445564 [error] [MainThread]: Encountered an error:
Runtime Error
  No dbt_project.yml found at expected path C:\Learning\dbt\dbt_course\dbt_project.yml
  Verify that each entry within packages.yml (and their transitive dependencies) contains a file named dbt_project.yml
  
[0m14:28:25.447584 [debug] [MainThread]: Command `dbt run` failed at 14:28:25.445564 after 0.26 seconds
[0m14:28:25.447584 [debug] [MainThread]: Sending event: {'category': 'dbt', 'action': 'invocation', 'label': 'end', 'context': [<snowplow_tracker.self_describing_json.SelfDescribingJson object at 0x0000026604901FC0>, <snowplow_tracker.self_describing_json.SelfDescribingJson object at 0x00000266069DBE20>, <snowplow_tracker.self_describing_json.SelfDescribingJson object at 0x00000266069DBB20>]}
[0m14:28:25.447584 [debug] [MainThread]: Flushing usage events
[0m14:28:29.564474 [debug] [MainThread]: An error was encountered while trying to flush usage events
